[0.046s] Invoking command in '/home/tony_stark/ros2_ws/build/diffdrive_arduino': AMENT_PREFIX_PATH=/home/tony_stark/ros2_ws/install/serial:${AMENT_PREFIX_PATH} CMAKE_PREFIX_PATH=/home/tony_stark/ros2_ws/install/serial:/home/tony_stark/ros2_ws/install/turtlebot3_simulations:/home/tony_stark/ros2_ws/install/turtlebot3_gazebo:/home/tony_stark/ros2_ws/install/turtlebot3_fake_node:/home/tony_stark/ros2_ws/install/transmission_interface:/home/tony_stark/ros2_ws/install/controller_manager:/home/tony_stark/ros2_ws/install/ros2_control_test_assets:/home/tony_stark/ros2_ws/install/joint_state_broadcaster:/home/tony_stark/ros2_ws/install/realtime_tools:/home/tony_stark/ros2_ws/install/joint_limits:/home/tony_stark/ros2_ws/install/controller_interface:/home/tony_stark/ros2_ws/install/hardware_interface:/home/tony_stark/ros2_ws/install/controller_manager_msgs:/home/tony_stark/ros2_ws/install/control_msgs:/home/tony_stark/ros2_ws/install/sample_package:/home/tony_stark/ros2_ws/install/rqt_joint_trajectory_controller:/home/tony_stark/ros2_ws/install/rqt_controller_manager:/home/tony_stark/ros2_ws/install/rosgpt:/home/tony_stark/ros2_ws/install/ros2controlcli:/home/tony_stark/ros2_ws/install/ros2_controllers_test_nodes:/home/tony_stark/ros2_ws/install/navigation_module:/home/tony_stark/ros2_ws/install/msgs:/home/tony_stark/ros2_ws/install/autonomous_exploration:/opt/ros/humble LD_LIBRARY_PATH=/home/tony_stark/ros2_ws/install/serial/lib:${LD_LIBRARY_PATH} /usr/bin/cmake --build /home/tony_stark/ros2_ws/build/diffdrive_arduino -- -j2 -l2
[0.120s] -- Found ament_cmake: 1.3.4 (/opt/ros/humble/share/ament_cmake/cmake)
[0.579s] -- Found serial: 1.2.1 (/home/tony_stark/ros2_ws/install/serial/share/serial/cmake)
[0.583s] -- Found hardware_interface: 2.28.0 (/home/tony_stark/ros2_ws/install/hardware_interface/share/hardware_interface/cmake)
[0.653s] -- Found rosidl_generator_c: 3.1.4 (/opt/ros/humble/share/rosidl_generator_c/cmake)
[0.659s] -- Found rosidl_adapter: 3.1.4 (/opt/ros/humble/share/rosidl_adapter/cmake)
[0.674s] -- Found rosidl_generator_cpp: 3.1.4 (/opt/ros/humble/share/rosidl_generator_cpp/cmake)
[0.705s] -- Using all available rosidl_typesupport_c: rosidl_typesupport_fastrtps_c;rosidl_typesupport_introspection_c
[0.749s] -- Using all available rosidl_typesupport_cpp: rosidl_typesupport_fastrtps_cpp;rosidl_typesupport_introspection_cpp
[2.071s] -- Found rmw_implementation_cmake: 6.1.1 (/opt/ros/humble/share/rmw_implementation_cmake/cmake)
[2.075s] -- Found rmw_cyclonedds_cpp: 1.3.4 (/opt/ros/humble/share/rmw_cyclonedds_cpp/cmake)
[2.128s] -- Using RMW implementation 'rmw_cyclonedds_cpp' as default
[2.421s] -- Found controller_manager: 2.28.0 (/home/tony_stark/ros2_ws/install/controller_manager/share/controller_manager/cmake)
[4.953s] -- Configuring done
[5.031s] -- Generating done
[5.034s] -- Build files have been written to: /home/tony_stark/ros2_ws/build/diffdrive_arduino
[5.082s] [35m[1mConsolidate compiler generated dependencies of target diffdrive_arduino[0m
[5.100s] [ 14%] [32mBuilding CXX object CMakeFiles/fake_robot.dir/src/fake_robot.cpp.o[0m
[5.113s] [ 28%] [32mBuilding CXX object CMakeFiles/diffdrive_arduino.dir/src/diffdrive_arduino.cpp.o[0m
[5.576s] In file included from [01m[K/home/tony_stark/ros2_ws/src/diffdrive_arduino/src/fake_robot.cpp:1[m[K:
[5.576s] [01m[K/home/tony_stark/ros2_ws/src/diffdrive_arduino/include/diffdrive_arduino/fake_robot.h:7:10:[m[K [01;31m[Kfatal error: [m[Khardware_interface/base_interface.hpp: No such file or directory
[5.576s]     7 | #include [01;31m[K"hardware_interface/base_interface.hpp"[m[K
[5.576s]       |          [01;31m[K^~~~~~~~~~~~~~~~~~~~~~~~~~~~~~~~~~~~~~~[m[K
[5.576s] compilation terminated.
[5.581s] In file included from [01m[K/home/tony_stark/ros2_ws/src/diffdrive_arduino/src/diffdrive_arduino.cpp:1[m[K:
[5.581s] [01m[K/home/tony_stark/ros2_ws/src/diffdrive_arduino/include/diffdrive_arduino/diffdrive_arduino.h:7:10:[m[K [01;31m[Kfatal error: [m[Khardware_interface/base_interface.hpp: No such file or directory
[5.581s]     7 | #include [01;31m[K"hardware_interface/base_interface.hpp"[m[K
[5.581s]       |          [01;31m[K^~~~~~~~~~~~~~~~~~~~~~~~~~~~~~~~~~~~~~~[m[K
[5.581s] compilation terminated.
[5.585s] gmake[2]: *** [CMakeFiles/fake_robot.dir/build.make:76: CMakeFiles/fake_robot.dir/src/fake_robot.cpp.o] Error 1
[5.585s] gmake[1]: *** [CMakeFiles/Makefile2:165: CMakeFiles/fake_robot.dir/all] Error 2
[5.585s] gmake[1]: *** Waiting for unfinished jobs....
[5.588s] gmake[2]: *** [CMakeFiles/diffdrive_arduino.dir/build.make:76: CMakeFiles/diffdrive_arduino.dir/src/diffdrive_arduino.cpp.o] Error 1
[5.588s] gmake[2]: *** Waiting for unfinished jobs....
[5.598s] [ 42%] [32mBuilding CXX object CMakeFiles/diffdrive_arduino.dir/src/wheel.cpp.o[0m
[6.163s] gmake[1]: *** [CMakeFiles/Makefile2:139: CMakeFiles/diffdrive_arduino.dir/all] Error 2
[6.164s] gmake: *** [Makefile:146: all] Error 2
[6.167s] Invoked command in '/home/tony_stark/ros2_ws/build/diffdrive_arduino' returned '2': AMENT_PREFIX_PATH=/home/tony_stark/ros2_ws/install/serial:${AMENT_PREFIX_PATH} CMAKE_PREFIX_PATH=/home/tony_stark/ros2_ws/install/serial:/home/tony_stark/ros2_ws/install/turtlebot3_simulations:/home/tony_stark/ros2_ws/install/turtlebot3_gazebo:/home/tony_stark/ros2_ws/install/turtlebot3_fake_node:/home/tony_stark/ros2_ws/install/transmission_interface:/home/tony_stark/ros2_ws/install/controller_manager:/home/tony_stark/ros2_ws/install/ros2_control_test_assets:/home/tony_stark/ros2_ws/install/joint_state_broadcaster:/home/tony_stark/ros2_ws/install/realtime_tools:/home/tony_stark/ros2_ws/install/joint_limits:/home/tony_stark/ros2_ws/install/controller_interface:/home/tony_stark/ros2_ws/install/hardware_interface:/home/tony_stark/ros2_ws/install/controller_manager_msgs:/home/tony_stark/ros2_ws/install/control_msgs:/home/tony_stark/ros2_ws/install/sample_package:/home/tony_stark/ros2_ws/install/rqt_joint_trajectory_controller:/home/tony_stark/ros2_ws/install/rqt_controller_manager:/home/tony_stark/ros2_ws/install/rosgpt:/home/tony_stark/ros2_ws/install/ros2controlcli:/home/tony_stark/ros2_ws/install/ros2_controllers_test_nodes:/home/tony_stark/ros2_ws/install/navigation_module:/home/tony_stark/ros2_ws/install/msgs:/home/tony_stark/ros2_ws/install/autonomous_exploration:/opt/ros/humble LD_LIBRARY_PATH=/home/tony_stark/ros2_ws/install/serial/lib:${LD_LIBRARY_PATH} /usr/bin/cmake --build /home/tony_stark/ros2_ws/build/diffdrive_arduino -- -j2 -l2
