[0.020s] Invoking command in '/home/tony_stark/ros2_ws/build/lidarbot_bringup': CMAKE_PREFIX_PATH=${CMAKE_PREFIX_PATH}:/home/tony_stark/ros2_ws/install/sample_package:/home/tony_stark/ros2_ws/install/rosgpt:/home/tony_stark/ros2_ws/install/navigation_module:/home/tony_stark/ros2_ws/install/msgs:/home/tony_stark/ros2_ws/install/autonomous_exploration:/opt/ros/humble /usr/bin/cmake /home/tony_stark/ros2_ws/src/lidarbot/lidarbot_bringup -DCMAKE_INSTALL_PREFIX=/home/tony_stark/ros2_ws/install/lidarbot_bringup
[0.124s] -- The C compiler identification is GNU 11.3.0
[0.226s] -- The CXX compiler identification is GNU 11.3.0
[0.237s] -- Detecting C compiler ABI info
[0.363s] -- Detecting C compiler ABI info - done
[0.379s] -- Check for working C compiler: /usr/bin/cc - skipped
[0.379s] -- Detecting C compile features
[0.380s] -- Detecting C compile features - done
[0.386s] -- Detecting CXX compiler ABI info
[0.564s] -- Detecting CXX compiler ABI info - done
[0.585s] -- Check for working CXX compiler: /usr/bin/c++ - skipped
[0.586s] -- Detecting CXX compile features
[0.587s] -- Detecting CXX compile features - done
[0.593s] -- Found ament_cmake: 1.3.4 (/opt/ros/humble/share/ament_cmake/cmake)
[0.972s] -- Found Python3: /usr/bin/python3.10 (found version "3.10.6") found components: Interpreter 
[1.204s] -- Found hardware_interface: 2.26.0 (/opt/ros/humble/share/hardware_interface/cmake)
[2.020s] -- Found rosidl_generator_c: 3.1.4 (/opt/ros/humble/share/rosidl_generator_c/cmake)
[2.724s] -- Found rosidl_adapter: 3.1.4 (/opt/ros/humble/share/rosidl_adapter/cmake)
[3.032s] -- Found rosidl_generator_cpp: 3.1.4 (/opt/ros/humble/share/rosidl_generator_cpp/cmake)
[3.525s] -- Using all available rosidl_typesupport_c: rosidl_typesupport_fastrtps_c;rosidl_typesupport_introspection_c
[3.933s] -- Using all available rosidl_typesupport_cpp: rosidl_typesupport_fastrtps_cpp;rosidl_typesupport_introspection_cpp
[12.895s] -- Found rmw_implementation_cmake: 6.1.1 (/opt/ros/humble/share/rmw_implementation_cmake/cmake)
[13.084s] -- Found rmw_cyclonedds_cpp: 1.3.4 (/opt/ros/humble/share/rmw_cyclonedds_cpp/cmake)
[14.122s] -- Using RMW implementation 'rmw_cyclonedds_cpp' as default
[14.807s] -- Looking for pthread.h
[15.844s] -- Looking for pthread.h - found
[15.845s] -- Performing Test CMAKE_HAVE_LIBC_PTHREAD
[16.085s] -- Performing Test CMAKE_HAVE_LIBC_PTHREAD - Success
[16.087s] -- Found Threads: TRUE  
[18.642s] -- Configuring done
[22.125s] -- Generating done
[22.154s] -- Build files have been written to: /home/tony_stark/ros2_ws/build/lidarbot_bringup
[22.195s] Invoked command in '/home/tony_stark/ros2_ws/build/lidarbot_bringup' returned '0': CMAKE_PREFIX_PATH=${CMAKE_PREFIX_PATH}:/home/tony_stark/ros2_ws/install/sample_package:/home/tony_stark/ros2_ws/install/rosgpt:/home/tony_stark/ros2_ws/install/navigation_module:/home/tony_stark/ros2_ws/install/msgs:/home/tony_stark/ros2_ws/install/autonomous_exploration:/opt/ros/humble /usr/bin/cmake /home/tony_stark/ros2_ws/src/lidarbot/lidarbot_bringup -DCMAKE_INSTALL_PREFIX=/home/tony_stark/ros2_ws/install/lidarbot_bringup
[22.196s] Invoking command in '/home/tony_stark/ros2_ws/build/lidarbot_bringup': CMAKE_PREFIX_PATH=${CMAKE_PREFIX_PATH}:/home/tony_stark/ros2_ws/install/sample_package:/home/tony_stark/ros2_ws/install/rosgpt:/home/tony_stark/ros2_ws/install/navigation_module:/home/tony_stark/ros2_ws/install/msgs:/home/tony_stark/ros2_ws/install/autonomous_exploration:/opt/ros/humble /usr/bin/cmake --build /home/tony_stark/ros2_ws/build/lidarbot_bringup -- -j2 -l2
[22.292s] [ 16%] [32mBuilding CXX object CMakeFiles/mpu6050_hardware_interface.dir/src/mpu6050_hardware_interface.cpp.o[0m
[43.482s] In file included from [01m[K/home/tony_stark/ros2_ws/src/lidarbot/lidarbot_bringup/include/lidarbot_bringup/mpu6050_hardware_interface.hpp:18[m[K,
[43.482s]                  from [01m[K/home/tony_stark/ros2_ws/src/lidarbot/lidarbot_bringup/src/mpu6050_hardware_interface.cpp:1[m[K:
[43.483s] [01m[K/home/tony_stark/ros2_ws/src/lidarbot/lidarbot_bringup/include/lidarbot_bringup/mpu6050_lib.h:47:18:[m[K [01;31m[Kfatal error: [m[Ki2c/smbus.h: No such file or directory
[43.483s]    47 |         #include [01;31m[K<i2c/smbus.h>[m[K
[43.483s]       |                  [01;31m[K^~~~~~~~~~~~~[m[K
[43.484s] compilation terminated.
[43.500s] gmake[2]: *** [CMakeFiles/mpu6050_hardware_interface.dir/build.make:76: CMakeFiles/mpu6050_hardware_interface.dir/src/mpu6050_hardware_interface.cpp.o] Error 1
[43.503s] gmake[1]: *** [CMakeFiles/Makefile2:139: CMakeFiles/mpu6050_hardware_interface.dir/all] Error 2
[43.505s] gmake: *** [Makefile:146: all] Error 2
