[0.046s] Invoking command in '/home/tony_stark/ros2_ws/build/diffdrive_arduino': AMENT_PREFIX_PATH=/home/tony_stark/ros2_ws/install/serial:${AMENT_PREFIX_PATH} CMAKE_PREFIX_PATH=/home/tony_stark/ros2_ws/install/serial:/home/tony_stark/ros2_ws/install/turtlebot3_simulations:/home/tony_stark/ros2_ws/install/turtlebot3_gazebo:/home/tony_stark/ros2_ws/install/turtlebot3_fake_node:/home/tony_stark/ros2_ws/install/transmission_interface:/home/tony_stark/ros2_ws/install/controller_manager:/home/tony_stark/ros2_ws/install/ros2_control_test_assets:/home/tony_stark/ros2_ws/install/joint_state_broadcaster:/home/tony_stark/ros2_ws/install/realtime_tools:/home/tony_stark/ros2_ws/install/joint_limits:/home/tony_stark/ros2_ws/install/controller_interface:/home/tony_stark/ros2_ws/install/hardware_interface:/home/tony_stark/ros2_ws/install/controller_manager_msgs:/home/tony_stark/ros2_ws/install/control_msgs:/home/tony_stark/ros2_ws/install/sample_package:/home/tony_stark/ros2_ws/install/rqt_joint_trajectory_controller:/home/tony_stark/ros2_ws/install/rqt_controller_manager:/home/tony_stark/ros2_ws/install/rosgpt:/home/tony_stark/ros2_ws/install/ros2controlcli:/home/tony_stark/ros2_ws/install/ros2_controllers_test_nodes:/home/tony_stark/ros2_ws/install/navigation_module:/home/tony_stark/ros2_ws/install/msgs:/home/tony_stark/ros2_ws/install/autonomous_exploration:/opt/ros/humble LD_LIBRARY_PATH=/home/tony_stark/ros2_ws/install/serial/lib:${LD_LIBRARY_PATH} /usr/bin/cmake /home/tony_stark/ros2_ws/src/diffdrive_arduino -DCMAKE_INSTALL_PREFIX=/home/tony_stark/ros2_ws/install/diffdrive_arduino
[0.086s] -- Found ament_cmake: 1.3.4 (/opt/ros/humble/share/ament_cmake/cmake)
[0.575s] -- Found serial: 1.2.1 (/home/tony_stark/ros2_ws/install/serial/share/serial/cmake)
[0.578s] -- Found hardware_interface: 2.28.0 (/home/tony_stark/ros2_ws/install/hardware_interface/share/hardware_interface/cmake)
[0.646s] -- Found rosidl_generator_c: 3.1.4 (/opt/ros/humble/share/rosidl_generator_c/cmake)
[0.653s] -- Found rosidl_adapter: 3.1.4 (/opt/ros/humble/share/rosidl_adapter/cmake)
[0.667s] -- Found rosidl_generator_cpp: 3.1.4 (/opt/ros/humble/share/rosidl_generator_cpp/cmake)
[0.699s] -- Using all available rosidl_typesupport_c: rosidl_typesupport_fastrtps_c;rosidl_typesupport_introspection_c
[0.741s] -- Using all available rosidl_typesupport_cpp: rosidl_typesupport_fastrtps_cpp;rosidl_typesupport_introspection_cpp
[2.108s] -- Found rmw_implementation_cmake: 6.1.1 (/opt/ros/humble/share/rmw_implementation_cmake/cmake)
[2.112s] -- Found rmw_cyclonedds_cpp: 1.3.4 (/opt/ros/humble/share/rmw_cyclonedds_cpp/cmake)
[2.164s] -- Using RMW implementation 'rmw_cyclonedds_cpp' as default
[2.460s] -- Found controller_manager: 2.28.0 (/home/tony_stark/ros2_ws/install/controller_manager/share/controller_manager/cmake)
[4.314s] -- Configuring done
[4.955s] -- Generating done
[4.960s] -- Build files have been written to: /home/tony_stark/ros2_ws/build/diffdrive_arduino
[5.009s] Invoked command in '/home/tony_stark/ros2_ws/build/diffdrive_arduino' returned '0': AMENT_PREFIX_PATH=/home/tony_stark/ros2_ws/install/serial:${AMENT_PREFIX_PATH} CMAKE_PREFIX_PATH=/home/tony_stark/ros2_ws/install/serial:/home/tony_stark/ros2_ws/install/turtlebot3_simulations:/home/tony_stark/ros2_ws/install/turtlebot3_gazebo:/home/tony_stark/ros2_ws/install/turtlebot3_fake_node:/home/tony_stark/ros2_ws/install/transmission_interface:/home/tony_stark/ros2_ws/install/controller_manager:/home/tony_stark/ros2_ws/install/ros2_control_test_assets:/home/tony_stark/ros2_ws/install/joint_state_broadcaster:/home/tony_stark/ros2_ws/install/realtime_tools:/home/tony_stark/ros2_ws/install/joint_limits:/home/tony_stark/ros2_ws/install/controller_interface:/home/tony_stark/ros2_ws/install/hardware_interface:/home/tony_stark/ros2_ws/install/controller_manager_msgs:/home/tony_stark/ros2_ws/install/control_msgs:/home/tony_stark/ros2_ws/install/sample_package:/home/tony_stark/ros2_ws/install/rqt_joint_trajectory_controller:/home/tony_stark/ros2_ws/install/rqt_controller_manager:/home/tony_stark/ros2_ws/install/rosgpt:/home/tony_stark/ros2_ws/install/ros2controlcli:/home/tony_stark/ros2_ws/install/ros2_controllers_test_nodes:/home/tony_stark/ros2_ws/install/navigation_module:/home/tony_stark/ros2_ws/install/msgs:/home/tony_stark/ros2_ws/install/autonomous_exploration:/opt/ros/humble LD_LIBRARY_PATH=/home/tony_stark/ros2_ws/install/serial/lib:${LD_LIBRARY_PATH} /usr/bin/cmake /home/tony_stark/ros2_ws/src/diffdrive_arduino -DCMAKE_INSTALL_PREFIX=/home/tony_stark/ros2_ws/install/diffdrive_arduino
[5.014s] Invoking command in '/home/tony_stark/ros2_ws/build/diffdrive_arduino': AMENT_PREFIX_PATH=/home/tony_stark/ros2_ws/install/serial:${AMENT_PREFIX_PATH} CMAKE_PREFIX_PATH=/home/tony_stark/ros2_ws/install/serial:/home/tony_stark/ros2_ws/install/turtlebot3_simulations:/home/tony_stark/ros2_ws/install/turtlebot3_gazebo:/home/tony_stark/ros2_ws/install/turtlebot3_fake_node:/home/tony_stark/ros2_ws/install/transmission_interface:/home/tony_stark/ros2_ws/install/controller_manager:/home/tony_stark/ros2_ws/install/ros2_control_test_assets:/home/tony_stark/ros2_ws/install/joint_state_broadcaster:/home/tony_stark/ros2_ws/install/realtime_tools:/home/tony_stark/ros2_ws/install/joint_limits:/home/tony_stark/ros2_ws/install/controller_interface:/home/tony_stark/ros2_ws/install/hardware_interface:/home/tony_stark/ros2_ws/install/controller_manager_msgs:/home/tony_stark/ros2_ws/install/control_msgs:/home/tony_stark/ros2_ws/install/sample_package:/home/tony_stark/ros2_ws/install/rqt_joint_trajectory_controller:/home/tony_stark/ros2_ws/install/rqt_controller_manager:/home/tony_stark/ros2_ws/install/rosgpt:/home/tony_stark/ros2_ws/install/ros2controlcli:/home/tony_stark/ros2_ws/install/ros2_controllers_test_nodes:/home/tony_stark/ros2_ws/install/navigation_module:/home/tony_stark/ros2_ws/install/msgs:/home/tony_stark/ros2_ws/install/autonomous_exploration:/opt/ros/humble LD_LIBRARY_PATH=/home/tony_stark/ros2_ws/install/serial/lib:${LD_LIBRARY_PATH} /usr/bin/cmake --build /home/tony_stark/ros2_ws/build/diffdrive_arduino -- -j2 -l2
[5.100s] [ 50%] [32mBuilding CXX object CMakeFiles/diffdrive_arduino.dir/src/wheel.cpp.o[0m
[5.101s] [ 50%] [32mBuilding CXX object CMakeFiles/diffdrive_arduino.dir/src/diffdrive_arduino.cpp.o[0m
[5.928s] [ 75%] [32mBuilding CXX object CMakeFiles/diffdrive_arduino.dir/src/arduino_comms.cpp.o[0m
[7.410s] In file included from [01m[K/home/tony_stark/ros2_ws/src/diffdrive_arduino/src/diffdrive_arduino.cpp:1[m[K:
[7.411s] [01m[K/home/tony_stark/ros2_ws/src/diffdrive_arduino/include/diffdrive_arduino/diffdrive_arduino.h:7:10:[m[K [01;31m[Kfatal error: [m[Khardware_interface/base_interface.hpp: No such file or directory
[7.411s]     7 | #include [01;31m[K"hardware_interface/base_interface.hpp"[m[K
[7.412s]       |          [01;31m[K^~~~~~~~~~~~~~~~~~~~~~~~~~~~~~~~~~~~~~~[m[K
[7.412s] compilation terminated.
[7.420s] gmake[2]: *** [CMakeFiles/diffdrive_arduino.dir/build.make:76: CMakeFiles/diffdrive_arduino.dir/src/diffdrive_arduino.cpp.o] Error 1
[7.420s] gmake[2]: *** Waiting for unfinished jobs....
[12.519s] gmake[1]: *** [CMakeFiles/Makefile2:137: CMakeFiles/diffdrive_arduino.dir/all] Error 2
[12.520s] gmake: *** [Makefile:146: all] Error 2
[12.524s] Invoked command in '/home/tony_stark/ros2_ws/build/diffdrive_arduino' returned '2': AMENT_PREFIX_PATH=/home/tony_stark/ros2_ws/install/serial:${AMENT_PREFIX_PATH} CMAKE_PREFIX_PATH=/home/tony_stark/ros2_ws/install/serial:/home/tony_stark/ros2_ws/install/turtlebot3_simulations:/home/tony_stark/ros2_ws/install/turtlebot3_gazebo:/home/tony_stark/ros2_ws/install/turtlebot3_fake_node:/home/tony_stark/ros2_ws/install/transmission_interface:/home/tony_stark/ros2_ws/install/controller_manager:/home/tony_stark/ros2_ws/install/ros2_control_test_assets:/home/tony_stark/ros2_ws/install/joint_state_broadcaster:/home/tony_stark/ros2_ws/install/realtime_tools:/home/tony_stark/ros2_ws/install/joint_limits:/home/tony_stark/ros2_ws/install/controller_interface:/home/tony_stark/ros2_ws/install/hardware_interface:/home/tony_stark/ros2_ws/install/controller_manager_msgs:/home/tony_stark/ros2_ws/install/control_msgs:/home/tony_stark/ros2_ws/install/sample_package:/home/tony_stark/ros2_ws/install/rqt_joint_trajectory_controller:/home/tony_stark/ros2_ws/install/rqt_controller_manager:/home/tony_stark/ros2_ws/install/rosgpt:/home/tony_stark/ros2_ws/install/ros2controlcli:/home/tony_stark/ros2_ws/install/ros2_controllers_test_nodes:/home/tony_stark/ros2_ws/install/navigation_module:/home/tony_stark/ros2_ws/install/msgs:/home/tony_stark/ros2_ws/install/autonomous_exploration:/opt/ros/humble LD_LIBRARY_PATH=/home/tony_stark/ros2_ws/install/serial/lib:${LD_LIBRARY_PATH} /usr/bin/cmake --build /home/tony_stark/ros2_ws/build/diffdrive_arduino -- -j2 -l2
