[0.157s] Invoking command in '/home/Isaac/ros2_ws/build/serial': CMAKE_PREFIX_PATH=${CMAKE_PREFIX_PATH}:/home/Isaac/ros2_ws/install/serial_motor_demo:/home/Isaac/ros2_ws/install/sample_package:/home/Isaac/ros2_ws/install/msgs:/home/Isaac/ros2_ws/install/autonomous_exploration:/opt/ros/humble /usr/bin/cmake --build /home/Isaac/ros2_ws/build/serial -- -j4 -l4
[0.766s] [  7%] [32mBuilding CXX object gtest/CMakeFiles/gtest_main.dir/src/gtest_main.cc.o[0m
[0.835s] [ 14%] [32mBuilding CXX object gtest/CMakeFiles/gtest.dir/src/gtest-all.cc.o[0m
[0.888s] [ 28%] [32mBuilding CXX object CMakeFiles/serial.dir/src/impl/unix.cc.o[0m
[0.913s] [ 28%] [32mBuilding CXX object CMakeFiles/serial.dir/src/serial.cc.o[0m
[7.726s] [ 35%] [32mBuilding CXX object CMakeFiles/serial.dir/src/impl/list_ports/list_ports_linux.cc.o[0m
[15.845s] [ 42%] [32m[1mLinking CXX static library libserial.a[0m
[16.084s] [ 50%] [32m[1mLinking CXX static library libgtest_main.a[0m
[16.312s] [ 50%] Built target serial
[16.472s] [ 50%] Built target gtest_main
[31.204s] [ 57%] [32m[1mLinking CXX static library libgtest.a[0m
[31.505s] [ 57%] Built target gtest
[31.667s] [ 64%] [32mBuilding CXX object CMakeFiles/serial_example.dir/examples/serial_example.cc.o[0m
[33.005s] [ 71%] [32m[1mLinking CXX executable serial_example[0m
[33.354s] [ 71%] Built target serial_example
[33.468s] [ 78%] [32mBuilding CXX object tests/CMakeFiles/serial-test-timer.dir/unit/unix_timer_tests.cc.o[0m
[37.509s] [ 85%] [32m[1mLinking CXX executable serial-test-timer[0m
[38.056s] [ 85%] Built target serial-test-timer
[38.169s] [ 92%] [32mBuilding CXX object tests/CMakeFiles/serial-test.dir/unix_serial_tests.cc.o[0m
[40.350s] gmake[2]: *** [tests/CMakeFiles/serial-test.dir/build.make:76: tests/CMakeFiles/serial-test.dir/unix_serial_tests.cc.o] Interrupt
[40.351s] gmake[1]: *** [CMakeFiles/Makefile2:230: tests/CMakeFiles/serial-test.dir/all] Interrupt
[40.353s] gmake: *** [Makefile:146: all] Interrupt
[40.373s] Invoked command in '/home/Isaac/ros2_ws/build/serial' returned '-2': CMAKE_PREFIX_PATH=${CMAKE_PREFIX_PATH}:/home/Isaac/ros2_ws/install/serial_motor_demo:/home/Isaac/ros2_ws/install/sample_package:/home/Isaac/ros2_ws/install/msgs:/home/Isaac/ros2_ws/install/autonomous_exploration:/opt/ros/humble /usr/bin/cmake --build /home/Isaac/ros2_ws/build/serial -- -j4 -l4
